This is pdfTeX, Version 3.14159265-2.6-1.40.20 (MiKTeX 2.9.7250 64-bit) (preloaded format=pdflatex 2020.1.13)  4 NOV 2020 02:10
entering extended mode
**c:/Users/Avell/Dev/google/github/lmp/master-thesis-latex/main.tex
(c:/Users/Avell/Dev/google/github/lmp/master-thesis-latex/main.tex
LaTeX2e <2019-10-01> patch level 3
("C:\Users\Avell\AppData\Local\Programs\MiKTeX 2.9\tex/latex/abntex2\abntex2.cls"
Document Class: abntex2 2018/11/24 v-1.9.7 abnTeX2
("C:\Users\Avell\AppData\Local\Programs\MiKTeX 2.9\tex/latex/base\ifthen.sty"
Package: ifthen 2014/09/29 v1.1c Standard LaTeX ifthen package (DPC)
) ("C:\Users\Avell\AppData\Local\Programs\MiKTeX 2.9\tex/latex/memoir\memoir.cls"
Document Class: memoir 2019/11/21 v3.7j configurable book, report, article document class
\onelineskip=\skip41
\lxvchars=\skip42
\xlvchars=\skip43
\@memcnta=\count80
\c@@memmarkcntra=\count81
LaTeX Info: Redefining \InputIfFileExists on input line 140.
("C:\Users\Avell\AppData\Local\Programs\MiKTeX 2.9\tex/generic/iftex\iftex.sty"
Package: iftex 2019/11/07 v1.0c TeX engine tests
)
\stockheight=\skip44
\stockwidth=\skip45
\trimtop=\skip46
\trimedge=\skip47
 ("C:\Users\Avell\AppData\Local\Programs\MiKTeX 2.9\tex/latex/memoir\mem12.clo"
File: mem12.clo 2010/10/19 v0.4b memoir class 12pt size option
)
\binding=\skip48
\spinemargin=\skip49
\foremargin=\skip50
\uppermargin=\skip51
\lowermargin=\skip52
\headdrop=\skip53
\normalrulethickness=\skip54
\mem@maxheadheight=\skip55
\mem@maxfootheight=\skip56
\headwidth=\skip57
\c@storedpagenumber=\count82
\memPD=\dimen102
\m@mabparskip=\skip58
\thanksmarkwidth=\skip59
\thanksmarksep=\skip60
\droptitle=\skip61
\c@book=\count83
\c@part=\count84
\c@chapter=\count85
\c@section=\count86
\c@subsection=\count87
\c@subsubsection=\count88
\c@paragraph=\count89
\c@subparagraph=\count90
\beforechapskip=\skip62
\midchapskip=\skip63
\afterchapskip=\skip64
\chapindent=\skip65
\bottomsectionskip=\skip66
\secindent=\skip67
\beforesecskip=\skip68
\aftersecskip=\skip69
\subsecindent=\skip70
\beforesubsecskip=\skip71
\aftersubsecskip=\skip72
\subsubsecindent=\skip73
\beforesubsubsecskip=\skip74
\aftersubsubsecskip=\skip75
\paraindent=\skip76
\beforeparaskip=\skip77
\afterparaskip=\skip78
\subparaindent=\skip79
\beforesubparaskip=\skip80
\aftersubparaskip=\skip81
\pfbreakskip=\skip82
\c@@ppsavesec=\count91
\c@@ppsaveapp=\count92
\ragrparindent=\dimen103
\everylistparindent=\dimen104
\parsepi=\skip83
\topsepi=\skip84
\itemsepi=\skip85
\parsepii=\skip86
\topsepii=\skip87
\topsepiii=\skip88
\itemsepii=\skip89
\itemsepiii=\skip90
\partopsepii=\skip91
\partopsepiii=\skip92
\m@msavetopsep=\skip93
\m@msavepartopsep=\skip94
\@enLab=\toks14
\abstitleskip=\skip95
\absleftindent=\skip96
\abs@leftindent=\dimen105
\absrightindent=\skip97
\absparindent=\skip98
\absparsep=\skip99
\c@vslineno=\count93
\c@poemline=\count94
\c@modulo@vs=\count95
\c@memfvsline=\count96
\vleftskip=\skip100
\vrightskip=\skip101
\stanzaskip=\skip102
\versewidth=\skip103
\vgap=\skip104
\vindent=\skip105
\vleftmargin=\dimen106
\c@verse=\count97
\c@chrsinstr=\count98
\beforepoemtitleskip=\skip106
\afterpoemtitleskip=\skip107
\c@poem=\count99
\beforePoemTitleskip=\skip108
\midPoemTitleskip=\skip109
\afterPoemTitleskip=\skip110
 ("C:\Users\Avell\AppData\Local\Programs\MiKTeX 2.9\tex/latex/tools\array.sty"
Package: array 2019/08/31 v2.4l Tabular extension package (FMi)
\col@sep=\dimen107
\ar@mcellbox=\box27
\extrarowheight=\dimen108
\NC@list=\toks15
\extratabsurround=\skip111
\backup@length=\skip112
\ar@cellbox=\box28
) ("C:\Users\Avell\AppData\Local\Programs\MiKTeX 2.9\tex/latex/tools\dcolumn.sty"
Package: dcolumn 2014/10/28 v1.06 decimal alignment package (DPC)
) ("C:\Users\Avell\AppData\Local\Programs\MiKTeX 2.9\tex/latex/tools\delarray.sty"
Package: delarray 2014/10/28 v1.01 array delimiter package (DPC)
) ("C:\Users\Avell\AppData\Local\Programs\MiKTeX 2.9\tex/latex/tools\tabularx.sty"
Package: tabularx 2016/02/03 v2.11b `tabularx' package (DPC)
\TX@col@width=\dimen109
\TX@old@table=\dimen110
\TX@old@col=\dimen111
\TX@target=\dimen112
\TX@delta=\dimen113
\TX@cols=\count100
\TX@ftn=\toks16
)
\heavyrulewidth=\dimen114
\lightrulewidth=\dimen115
\cmidrulewidth=\dimen116
\belowrulesep=\dimen117
\belowbottomsep=\dimen118
\aboverulesep=\dimen119
\abovetopsep=\dimen120
\cmidrulesep=\dimen121
\cmidrulekern=\dimen122
\defaultaddspace=\dimen123
\@cmidla=\count101
\@cmidlb=\count102
\@aboverulesep=\dimen124
\@belowrulesep=\dimen125
\@thisruleclass=\count103
\@lastruleclass=\count104
\@thisrulewidth=\dimen126
\ctableftskip=\skip113
\ctabrightskip=\skip114
\abovecolumnspenalty=\count105
\@linestogo=\count106
\@cellstogo=\count107
\@cellsincolumn=\count108
\crtok=\toks17
\@mincolumnwidth=\dimen127
\c@newflo@tctr=\count109
\mem@margin@floatbox=\box29
\@contcwidth=\skip115
\@contindw=\skip116
\abovecaptionskip=\skip117
\belowcaptionskip=\skip118
\subfloattopskip=\skip119
\subfloatcapskip=\skip120
\subfloatcaptopadj=\skip121
\subfloatbottomskip=\skip122
\subfloatlabelskip=\skip123
\subfloatcapmargin=\dimen128
\c@@contsubnum=\count110
\m@mscap@capbox=\box30
\m@mscap@fbox=\box31
\sidecapsep=\dimen129
\sidecapwidth=\dimen130
\m@m@tempdima=\dimen131
\m@mscapraise=\dimen132
\sidecapraise=\dimen133
\m@mscapmainwidth=\dimen134
\m@mscaplkern=\dimen135
\beforeepigraphskip=\skip124
\afterepigraphskip=\skip125
\epigraphwidth=\skip126
\epigraphrule=\skip127
LaTeX Info: Redefining \em on input line 7662.
LaTeX Info: Redefining \emph on input line 7670.
\tocentryskip=\skip128
\tocbaseline=\skip129
\cftparskip=\skip130
\cftbeforebookskip=\skip131
\cftbookindent=\dimen136
\cftbooknumwidth=\dimen137
\cftbeforepartskip=\skip132
\cftpartindent=\skip133
\cftpartnumwidth=\skip134
\cftbeforechapterskip=\skip135
\cftchapterindent=\skip136
\cftchapternumwidth=\skip137
\cftbeforesectionskip=\skip138
\cftsectionindent=\skip139
\cftsectionnumwidth=\skip140
\cftbeforesubsectionskip=\skip141
\cftsubsectionindent=\skip142
\cftsubsectionnumwidth=\skip143
\cftbeforesubsubsectionskip=\skip144
\cftsubsubsectionindent=\skip145
\cftsubsubsectionnumwidth=\skip146
\cftbeforeparagraphskip=\skip147
\cftparagraphindent=\skip148
\cftparagraphnumwidth=\skip149
\cftbeforesubparagraphskip=\skip150
\cftsubparagraphindent=\skip151
\cftsubparagraphnumwidth=\skip152
\prechapterprecisshift=\dimen138
\c@maxsecnumdepth=\count111
\bibindent=\dimen139
\bibitemsep=\skip153
\indexcolsep=\skip154
\indexrule=\skip155
\indexmarkstyle=\toks18
\@indexbox=\insert199
\glossarycolsep=\dimen140
\glossaryrule=\dimen141
\sideparvshift=\skip156
\sideins=\insert198
\sidebartopsep=\skip157
\sidebarhsep=\skip158
\sidebarvsep=\skip159
\sidebarwidth=\skip160
\footmarkwidth=\skip161
\footmarksep=\skip162
\footparindent=\skip163
\footinsdim=\skip164
\footinsv@r=\insert197
\@mpfootinsv@r=\insert196
\m@m@k=\count112
\m@m@h=\dimen142
\m@mipn@skip=\skip165
\sidefootins=\insert195
\sidefootadjust=\skip166
\sidefootheight=\skip167
\sidefoothsep=\skip168
\sidefootvsep=\skip169
\sidefootwidth=\skip170
\m@mdownsf=\skip171
\c@sidefootnote=\count113
\sidefootmarkwidth=\skip172
\sidefootmarksep=\skip173
\sidefootparindent=\skip174
\c@pagenote=\count114
\c@pagenoteshadow=\count115
\mem@pn@lastkern=\skip175
\every@verbatim=\toks19
\afterevery@verbatim=\toks20
\verbatim@line=\toks21
\tab@position=\count116
\verbatim@in@stream=\read1
\verbatimindent=\skip176
\verbatim@out=\write3
\bvboxsep=\skip177
\c@memfbvline=\count117
\c@bvlinectr=\count118
\bvnumlength=\skip178
\fb@frw=\dimen143
\fb@frh=\dimen144
\FrameRule=\dimen145
\FrameSep=\dimen146
\c@cp@cntr=\count119
LaTeX Info: Redefining \: on input line 12187.
LaTeX Info: Redefining \! on input line 12189.
\c@ism@mctr=\count120
\c@xsm@mctr=\count121
\c@csm@mctr=\count122
\c@ksm@mctr=\count123
\c@xksm@mctr=\count124
\c@cksm@mctr=\count125
\c@msm@mctr=\count126
\c@xmsm@mctr=\count127
\c@cmsm@mctr=\count128
\c@bsm@mctr=\count129
\c@workm@mctr=\count130
\c@sheetsequence=\count131
\c@lastsheet=\count132
\c@lastpage=\count133
 ("C:\Users\Avell\AppData\Local\Programs\MiKTeX 2.9\tex/latex/textcase\textcase.sty"
Package: textcase 2019/09/14 v1.00 Text only upper/lower case changing (DPC)
)
\c@figure=\count134
\c@lofdepth=\count135
\cftbeforefigureskip=\skip179
\cftfigureindent=\skip180
\cftfigurenumwidth=\skip181
\c@table=\count136
\c@lotdepth=\count137
\cftbeforetableskip=\skip182
\cfttableindent=\skip183
\cfttablenumwidth=\skip184
Package abstract [2008/07/23] emulated by memoir.
Package appendix [2008/07/23] emulated by memoir.
Package booktabs [2016/05/16] emulated by memoir.
Package ccaption [2008/07/23] emulated by memoir.
Package changepage [2008/07/23] emulated by memoir.
Package chngcntr [2008/07/23] emulated by memoir.
Package chngpage [2008/07/23] emulated by memoir.
Package crop emulated by memoir.
Package enumerate [2008/07/23] emulated by memoir.
Package epigraph [2008/07/23] emulated by memoir.
Package ifmtarg [2008/07/23] emulated by memoir.
Package index [2008/07/23] emulated by memoir.
Package makeidx [2008/07/23] emulated by memoir.
Package moreverb [2008/07/23] emulated by memoir.
Package mparhack [2008/07/23] emulated by memoir.
Package needspace [2008/07/23] emulated by memoir.
Package newfile [2008/07/23] emulated by memoir.
Package nextpage [2008/07/23] emulated by memoir.
Package pagenote [2008/07/23] emulated by memoir.
Package parskip [2008/07/23] emulated by memoir.
Package patchcmd [2008/07/23] emulated by memoir.
Package setspace [2008/07/23] emulated by memoir.
Package shortvrb [2008/07/23] emulated by memoir.
Package showidx [2008/07/23] emulated by memoir.
Package titleref [2008/07/23] emulated by memoir.
Package titling [2008/07/23] emulated by memoir.
Package tocbibind [2008/07/23] emulated by memoir.
Package tocloft [2008/07/23] emulated by memoir.
Package tocvsec2 [2008/07/23] emulated by memoir.
Package verbatim [2008/07/23] emulated by memoir.
Package verse [2008/07/23] emulated by memoir.
) ("C:\Users\Avell\AppData\Local\Programs\MiKTeX 2.9\tex/latex/hyperref\hyperref.sty"
Package: hyperref 2019/11/10 v7.00c Hypertext links for LaTeX
 ("C:\Users\Avell\AppData\Local\Programs\MiKTeX 2.9\tex/generic/ltxcmds\ltxcmds.sty"
Package: ltxcmds 2019/12/15 v1.24 LaTeX kernel commands for general use (HO)
) ("C:\Users\Avell\AppData\Local\Programs\MiKTeX 2.9\tex/latex/pdftexcmds\pdftexcmds.sty"
Package: pdftexcmds 2019/11/24 v0.31 Utility functions of pdfTeX for LuaTeX (HO)
 ("C:\Users\Avell\AppData\Local\Programs\MiKTeX 2.9\tex/generic/infwarerr\infwarerr.sty"
Package: infwarerr 2019/12/03 v1.5 Providing info/warning/error messages (HO)
)
Package pdftexcmds Info: \pdf@primitive is available.
Package pdftexcmds Info: \pdf@ifprimitive is available.
Package pdftexcmds Info: \pdfdraftmode found.
) ("C:\Users\Avell\AppData\Local\Programs\MiKTeX 2.9\tex/latex/graphics\keyval.sty"
Package: keyval 2014/10/28 v1.15 key=value parser (DPC)
\KV@toks@=\toks22
) ("C:\Users\Avell\AppData\Local\Programs\MiKTeX 2.9\tex/generic/kvsetkeys\kvsetkeys.sty"
Package: kvsetkeys 2019/12/15 v1.18 Key value parser (HO)
) ("C:\Users\Avell\AppData\Local\Programs\MiKTeX 2.9\tex/generic/kvdefinekeys\kvdefinekeys.sty"
Package: kvdefinekeys 2019-12-19 v1.6 Define keys (HO)
) ("C:\Users\Avell\AppData\Local\Programs\MiKTeX 2.9\tex/generic/pdfescape\pdfescape.sty"
Package: pdfescape 2019/12/09 v1.15 Implements pdfTeX's escape features (HO)
) ("C:\Users\Avell\AppData\Local\Programs\MiKTeX 2.9\tex/latex/hycolor\hycolor.sty"
Package: hycolor 2019/12/15 v1.9 Color options for hyperref/bookmark (HO)
 ("C:\Users\Avell\AppData\Local\Programs\MiKTeX 2.9\tex/latex/hycolor\xcolor-patch.sty"
Package: xcolor-patch 2019/12/15 xcolor patch
 ("C:\Users\Avell\AppData\Local\Programs\MiKTeX 2.9\tex/latex/oberdiek\hopatch.sty"
Package: hopatch 2016/05/16 v1.3 Wrapper for package hooks (HO)
))) ("C:\Users\Avell\AppData\Local\Programs\MiKTeX 2.9\tex/latex/letltxmacro\letltxmacro.sty"
Package: letltxmacro 2019/12/03 v1.6 Let assignment for LaTeX macros (HO)
) ("C:\Users\Avell\AppData\Local\Programs\MiKTeX 2.9\tex/latex/auxhook\auxhook.sty"
Package: auxhook 2019-12-17 v1.6 Hooks for auxiliary files (HO)
) ("C:\Users\Avell\AppData\Local\Programs\MiKTeX 2.9\tex/latex/kvoptions\kvoptions.sty"
Package: kvoptions 2019/11/29 v3.13 Key value format for package options (HO)
)
\@linkdim=\dimen147
\Hy@linkcounter=\count138
\Hy@pagecounter=\count139
 ("C:\Users\Avell\AppData\Local\Programs\MiKTeX 2.9\tex/latex/hyperref\pd1enc.def"
File: pd1enc.def 2019/11/10 v7.00c Hyperref: PDFDocEncoding definition (HO)
Now handling font encoding PD1 ...
... no UTF-8 mapping file for font encoding PD1
) ("C:\Users\Avell\AppData\Local\Programs\MiKTeX 2.9\tex/generic/intcalc\intcalc.sty"
Package: intcalc 2019/12/15 v1.3 Expandable calculations with integers (HO)
) ("C:\Users\Avell\AppData\Local\Programs\MiKTeX 2.9\tex/generic/etexcmds\etexcmds.sty"
Package: etexcmds 2019/12/15 v1.7 Avoid name clashes with e-TeX commands (HO)
)
\Hy@SavedSpaceFactor=\count140
 ("C:\Users\Avell\AppData\Local\Programs\MiKTeX 2.9\tex/latex/00miktex\hyperref.cfg"
File: hyperref.cfg 2002/06/06 v1.2 hyperref configuration of TeXLive
)
Package hyperref Info: Hyper figures OFF on input line 4535.
Package hyperref Info: Link nesting OFF on input line 4540.
Package hyperref Info: Hyper index ON on input line 4543.
Package hyperref Info: Plain pages OFF on input line 4550.
Package hyperref Info: Backreferencing OFF on input line 4555.
Package hyperref Info: Implicit mode ON; LaTeX internals redefined.
Package hyperref Info: Bookmarks ON on input line 4788.
\c@Hy@tempcnt=\count141
 ("C:\Users\Avell\AppData\Local\Programs\MiKTeX 2.9\tex/latex/url\url.sty"
\Urlmuskip=\muskip10
Package: url 2013/09/16  ver 3.4  Verb mode for urls, etc.
)
LaTeX Info: Redefining \url on input line 5147.
\XeTeXLinkMargin=\dimen148
 ("C:\Users\Avell\AppData\Local\Programs\MiKTeX 2.9\tex/generic/bitset\bitset.sty"
Package: bitset 2019/12/09 v1.3 Handle bit-vector datatype (HO)
 ("C:\Users\Avell\AppData\Local\Programs\MiKTeX 2.9\tex/generic/bigintcalc\bigintcalc.sty"
Package: bigintcalc 2019/12/15 v1.5 Expandable calculations on big integers (HO)
))
\Fld@menulength=\count142
\Field@Width=\dimen149
\Fld@charsize=\dimen150
Package hyperref Info: Hyper figures OFF on input line 6418.
Package hyperref Info: Link nesting OFF on input line 6423.
Package hyperref Info: Hyper index ON on input line 6426.
Package hyperref Info: backreferencing OFF on input line 6433.
Package hyperref Info: Link coloring OFF on input line 6438.
Package hyperref Info: Link coloring with OCG OFF on input line 6443.
Package hyperref Info: PDF/A mode OFF on input line 6448.
LaTeX Info: Redefining \ref on input line 6488.
LaTeX Info: Redefining \pageref on input line 6492.
 ("C:\Users\Avell\AppData\Local\Programs\MiKTeX 2.9\tex/generic/atbegshi\atbegshi.sty"
Package: atbegshi 2019/12/05 v1.19 At begin shipout hook (HO)
)
\Hy@abspage=\count143
\c@Item=\count144
\c@Hfootnote=\count145
) ("C:\Users\Avell\AppData\Local\Programs\MiKTeX 2.9\tex/latex/memoir\memhfixc.sty"
Package: memhfixc 2019/10/24 v1.18 nameref/hyperref package fixes for memoir class
\c@memhycontfloat=\count146
\c@Hpagenote=\count147
)
Package hyperref Info: Driver (autodetected): hpdftex.
 ("C:\Users\Avell\AppData\Local\Programs\MiKTeX 2.9\tex/latex/hyperref\hpdftex.def"
File: hpdftex.def 2019/11/10 v7.00c Hyperref driver for pdfTeX
 ("C:\Users\Avell\AppData\Local\Programs\MiKTeX 2.9\tex/latex/atveryend\atveryend.sty"
Package: atveryend 2019-12-11 v1.11 Hooks at the very end of document (HO)
Package atveryend Info: \enddocument detected (standard20110627).
)
\Fld@listcount=\count148
\c@bookmark@seq@number=\count149
 ("C:\Users\Avell\AppData\Local\Programs\MiKTeX 2.9\tex/latex/rerunfilecheck\rerunfilecheck.sty"
Package: rerunfilecheck 2019/12/05 v1.9 Rerun checks for auxiliary files (HO)
 ("C:\Users\Avell\AppData\Local\Programs\MiKTeX 2.9\tex/generic/uniquecounter\uniquecounter.sty"
Package: uniquecounter 2019/12/15 v1.4 Provide unlimited unique counter (HO)
)
Package uniquecounter Info: New unique counter `rerunfilecheck' on input line 286.
)
\Hy@SectionHShift=\skip185
) ("C:\Users\Avell\AppData\Local\Programs\MiKTeX 2.9\tex/latex/bookmark\bookmark.sty"
Package: bookmark 2019/12/03 v1.28 PDF bookmarks (HO)
 ("C:\Users\Avell\AppData\Local\Programs\MiKTeX 2.9\tex/latex/bookmark\bkm-pdftex.def"
File: bkm-pdftex.def 2019/12/03 v1.28 bookmark driver for pdfTeX (HO)
\BKM@id=\count150
)) ("C:\Users\Avell\AppData\Local\Programs\MiKTeX 2.9\tex/generic/babel\babel.sty"
Package: babel 2019/12/08 3.37 The Babel package
 ("C:\Users\Avell\AppData\Local\Programs\MiKTeX 2.9\tex/generic/babel\switch.def"
File: switch.def 2019/12/08 3.37 Babel switching mechanism
)
*************************************
* Local config file bblopts.cfg used
*
("C:\Users\Avell\AppData\Local\Programs\MiKTeX 2.9\tex/latex/arabi\bblopts.cfg"
File: bblopts.cfg 2005/09/08 v0.1 add Arabic and Farsi to "declared" options of babel
) ("C:\Users\Avell\AppData\Local\Programs\MiKTeX 2.9\tex/latex/babel-english\english.ldf"
Language: english 2017/06/06 v3.3r English support from the babel system
 ("C:\Users\Avell\AppData\Local\Programs\MiKTeX 2.9\tex/generic/babel\babel.def"
File: babel.def 2019/12/08 3.37 Babel common definitions
\babel@savecnt=\count151
\U@D=\dimen151
 ("C:\Users\Avell\AppData\Local\Programs\MiKTeX 2.9\tex/generic/babel\txtbabel.def")
\bbl@dirlevel=\count152
)
Package babel Info: \l@canadian = using hyphenrules for english
(babel)             (\language0) on input line 102.
Package babel Info: \l@australian = using hyphenrules for ukenglish
(babel)             (\language72) on input line 105.
Package babel Info: \l@newzealand = using hyphenrules for ukenglish
(babel)             (\language72) on input line 108.
) ("C:\Users\Avell\AppData\Local\Programs\MiKTeX 2.9\tex/latex/babel-portuges\portuges.ldf"
Language: portuges 2008/03/18 v1.2q Portuguese support from the babel system
Package babel Info: \l@brazil = using hyphenrules for portuguese
(babel)             (\language55) on input line 113.
Package babel Info: Making " an active character on input line 145.
)) ("C:\Users\Avell\AppData\Local\Programs\MiKTeX 2.9\tex/latex/enumitem\enumitem.sty"
Package: enumitem 2019/06/20 v3.9 Customized lists
\labelindent=\skip186
\enit@outerparindent=\dimen152
\enit@toks=\toks23
\enit@inbox=\box32
\enit@count@id=\count153
\enitdp@description=\count154
) ("C:\Users\Avell\AppData\Local\Programs\MiKTeX 2.9\tex/latex/tools\calc.sty"
Package: calc 2017/05/25 v4.3 Infix arithmetic (KKT,FJ)
\calc@Acount=\count155
\calc@Bcount=\count156
\calc@Adimen=\dimen153
\calc@Bdimen=\dimen154
\calc@Askip=\skip187
\calc@Bskip=\skip188
LaTeX Info: Redefining \setlength on input line 80.
LaTeX Info: Redefining \addtolength on input line 81.
\calc@Ccount=\count157
\calc@Cskip=\skip189
)

******************************************************
Stock height and width: 845.04684pt by 597.50787pt
Top and edge trims: 0pt and 0pt
Page height and width: 845.04684pt by 597.50787pt
Text height and width: 708pt by 455pt
Spine and edge margins: 85.35826pt and 56.9055pt
Upper and lower margins: 85.35826pt and 51.68858pt
Headheight and headsep: 14.5pt and 19.8738pt
Footskip: 30pt
Columnsep and columnseprule: 10pt and 0pt
Marginparsep and marginparwidth: 7pt and 42.9055pt
Sidecapsep and sidecapwidth: 7pt and 42pt
Sidebarhsep and sidebarwidth: 7pt and 42pt
Sidebarvsep and sidebartopsep: 14.5pt and 0pt
Sidebarheight: 590.14995pt
Sidefoothsep and sidefootwidth: 7pt and 42pt
Sidefootvsep and sidefootheight: 14.5pt and 590.14995pt
******************************************************

\c@abntex@bookmarkcounter=\count158
\cftlastnumwidth=\skip190
\chapternamenumlength=\skip191
\ABNTEXcitacaorecuo=\skip192
\c@alineasi=\count159
\c@alineasii=\count160
\enitdp@alineas=\count161
\c@subalineasi=\count162
\enitdp@subalineas=\count163
\c@incisosi=\count164
\enitdp@incisos=\count165
\ABNTEXsignwidth=\skip193
\ABNTEXsignthickness=\skip194
\ABNTEXsignskip=\skip256
) (c:/Users\Avell\Dev\google\github\lmp\master-thesis-latex\setup/ufscthesisA4-alf.sty ("C:\Users\Avell\AppData\Local\Programs\MiKTeX 2.9\tex/latex/base\fontenc.sty"
Package: fontenc 2018/08/11 v2.0j Standard LaTeX package
 ("C:\Users\Avell\AppData\Local\Programs\MiKTeX 2.9\tex/latex/base\t1enc.def"
File: t1enc.def 2018/08/11 v2.0j Standard LaTeX file
LaTeX Font Info:    Redeclaring font encoding T1 on input line 48.
)) ("C:\Users\Avell\AppData\Local\Programs\MiKTeX 2.9\tex/latex/psnfss\helvet.sty"
Package: helvet 2005/04/12 PSNFSS-v9.2a (WaS) 
) ("C:\Users\Avell\AppData\Local\Programs\MiKTeX 2.9\tex/latex/base\inputenc.sty"
Package: inputenc 2018/08/11 v1.3c Input encoding file
\inpenc@prehook=\toks24
\inpenc@posthook=\toks25
) ("C:\Users\Avell\AppData\Local\Programs\MiKTeX 2.9\tex/latex/tools\indentfirst.sty"
Package: indentfirst 1995/11/23 v1.03 Indent first paragraph (DPC)
) ("C:\Users\Avell\AppData\Local\Programs\MiKTeX 2.9\tex/latex/graphics\color.sty"
Package: color 2016/07/10 v1.1e Standard LaTeX Color (DPC)
 ("C:\Users\Avell\AppData\Local\Programs\MiKTeX 2.9\tex/latex/graphics-cfg\color.cfg"
File: color.cfg 2016/01/02 v1.6 sample color configuration
)
Package color Info: Driver file: pdftex.def on input line 147.
 ("C:\Users\Avell\AppData\Local\Programs\MiKTeX 2.9\tex/latex/graphics-def\pdftex.def"
File: pdftex.def 2018/01/08 v1.0l Graphics/color driver for pdftex
)) ("C:\Users\Avell\AppData\Local\Programs\MiKTeX 2.9\tex/latex/graphics\graphicx.sty"
Package: graphicx 2017/06/01 v1.1a Enhanced LaTeX Graphics (DPC,SPQR)
 ("C:\Users\Avell\AppData\Local\Programs\MiKTeX 2.9\tex/latex/graphics\graphics.sty"
Package: graphics 2019/11/01 v1.3d Standard LaTeX Graphics (DPC,SPQR)
 ("C:\Users\Avell\AppData\Local\Programs\MiKTeX 2.9\tex/latex/graphics\trig.sty"
Package: trig 2016/01/03 v1.10 sin cos tan (DPC)
) ("C:\Users\Avell\AppData\Local\Programs\MiKTeX 2.9\tex/latex/graphics-cfg\graphics.cfg"
File: graphics.cfg 2016/06/04 v1.11 sample graphics configuration
)
Package graphics Info: Driver file: pdftex.def on input line 105.
)
\Gin@req@height=\dimen155
\Gin@req@width=\dimen156
) ("C:\Users\Avell\AppData\Local\Programs\MiKTeX 2.9\tex/latex/microtype\microtype.sty"
Package: microtype 2019/11/18 v2.7d Micro-typographical refinements (RS)
\MT@toks=\toks26
\MT@count=\count166
LaTeX Info: Redefining \textls on input line 790.
\MT@outer@kern=\dimen157
LaTeX Info: Redefining \textmicrotypecontext on input line 1354.
\MT@listname@count=\count167
 ("C:\Users\Avell\AppData\Local\Programs\MiKTeX 2.9\tex/latex/microtype\microtype-pdftex.def"
File: microtype-pdftex.def 2019/11/18 v2.7d Definitions specific to pdftex (RS)
LaTeX Info: Redefining \lsstyle on input line 914.
LaTeX Info: Redefining \lslig on input line 914.
\MT@outer@space=\skip257
)
Package microtype Info: Loading configuration file microtype.cfg.
 ("C:\Users\Avell\AppData\Local\Programs\MiKTeX 2.9\tex/latex/microtype\microtype.cfg"
File: microtype.cfg 2019/11/18 v2.7d microtype main configuration file (RS)
)) ("C:\Users\Avell\AppData\Local\Programs\MiKTeX 2.9\tex/latex/pdfpages\pdfpages.sty"
Package: pdfpages 2019/12/17 v0.5p Insert pages of external PDF documents (AM)
 ("C:\Users\Avell\AppData\Local\Programs\MiKTeX 2.9\tex/latex/eso-pic\eso-pic.sty"
Package: eso-pic 2018/04/12 v2.0h eso-pic (RN)
)
\AM@pagewidth=\dimen158
\AM@pageheight=\dimen159
 ("C:\Users\Avell\AppData\Local\Programs\MiKTeX 2.9\tex/latex/pdfpages\pppdftex.def"
File: pppdftex.def 2019/12/17 v0.5p Pdfpages driver for pdfTeX (AM)
)
\AM@pagebox=\box33
\AM@global@opts=\toks27
\AM@toc@title=\toks28
\c@AM@survey=\count168
\AM@templatesizebox=\box34
) ("C:\Users\Avell\AppData\Local\Programs\MiKTeX 2.9\tex/latex/csquotes\csquotes.sty"
Package: csquotes 2019-12-06 v5.2j context-sensitive quotations (JAW)
 ("C:\Users\Avell\AppData\Local\Programs\MiKTeX 2.9\tex/latex/etoolbox\etoolbox.sty"
Package: etoolbox 2019/09/21 v2.5h e-TeX tools for LaTeX (JAW)
\etb@tempcnta=\count169
)
\csq@reset=\count170
\csq@gtype=\count171
\csq@glevel=\count172
\csq@qlevel=\count173
\csq@maxlvl=\count174
\csq@tshold=\count175
\csq@ltx@everypar=\toks29
 ("C:\Users\Avell\AppData\Local\Programs\MiKTeX 2.9\tex/latex/csquotes\csquotes.def"
File: csquotes.def 2019-12-06 v5.2j csquotes generic definitions (JAW)
)
Package csquotes Info: Trying to load configuration file 'csquotes.cfg'...
Package csquotes Info: ... configuration file loaded successfully.
 ("C:\Users\Avell\AppData\Local\Programs\MiKTeX 2.9\tex/latex/csquotes\csquotes.cfg"
File: csquotes.cfg 
))

Class memoir Warning: For the caption package to function properly with memoir, we will now reset\caption and friends to kernel defaults and then let the caption package take over. Remember: all caption configuration now goves via the caption package interface, not the interface from the memoir class. .

("C:\Users\Avell\AppData\Local\Programs\MiKTeX 2.9\tex/latex/caption\caption.sty"
Package: caption 2020/10/26 v3.5g Customizing captions (AR)
 ("C:\Users\Avell\AppData\Local\Programs\MiKTeX 2.9\tex/latex/caption\caption3.sty"
Package: caption3 2020/10/21 v2.2e caption3 kernel (AR)
\captionmargin=\dimen160
\captionmargin@=\dimen161
\captionwidth=\dimen162
\caption@tempdima=\dimen163
\caption@indent=\dimen164
\caption@parindent=\dimen165
\caption@hangindent=\dimen166
Package caption Info: memoir document class detected.
 ("C:\Users\Avell\AppData\Local\Programs\MiKTeX 2.9\tex/latex/caption\caption-memoir.sto"
File: caption-memoir.sto 2020/10/10 v2.1 Adaption of the caption package to the memoir document class (AR)
))
\c@caption@flags=\count176
\c@continuedfloat=\count177
Package caption Info: changepage package is loaded.
\caption@adjustwidth@hsize=\dimen167
\caption@adjustwidth@linewidth=\dimen168
Package caption Info: hyperref package is loaded.
) ("C:\Users\Avell\AppData\Local\Programs\MiKTeX 2.9\tex/latex/tools\longtable.sty"
Package: longtable 2019/02/06 v4.12 Multi-page Table package (DPC)
\LTleft=\skip258
\LTright=\skip259
\LTpre=\skip260
\LTpost=\skip261
\LTchunksize=\count178
\LTcapwidth=\dimen169
\LT@head=\box35
\LT@firsthead=\box36
\LT@foot=\box37
\LT@lastfoot=\box38
\LT@cols=\count179
\LT@rows=\count180
\c@LT@tables=\count181
\c@LT@chunks=\count182
\LT@p@ftn=\toks30
) ("C:\Users\Avell\AppData\Local\Programs\MiKTeX 2.9\tex/latex/glossaries/base\glossaries.sty"
Package: glossaries 2019/12/06 v4.44 (NLCT)
 ("C:\Users\Avell\AppData\Local\Programs\MiKTeX 2.9\tex/latex/xkeyval\xkeyval.sty"
Package: xkeyval 2014/12/03 v2.7a package option processing (HA)
 ("C:\Users\Avell\AppData\Local\Programs\MiKTeX 2.9\tex/generic/xkeyval\xkeyval.tex" ("C:\Users\Avell\AppData\Local\Programs\MiKTeX 2.9\tex/generic/xkeyval\xkvutils.tex"
\XKV@toks=\toks31
\XKV@tempa@toks=\toks32
)
\XKV@depth=\count183
File: xkeyval.tex 2014/12/03 v2.7a key=value parser (HA)
)) ("C:\Users\Avell\AppData\Local\Programs\MiKTeX 2.9\tex/latex/mfirstuc\mfirstuc.sty"
Package: mfirstuc 2017/11/14 v2.06 (NLCT)
\@glsmfirst=\toks33
\@glsmrest=\toks34
) ("C:\Users\Avell\AppData\Local\Programs\MiKTeX 2.9\tex/latex/xfor\xfor.sty"
Package: xfor 2009/02/05 v1.05 (NLCT)
) ("C:\Users\Avell\AppData\Local\Programs\MiKTeX 2.9\tex/latex/datatool\datatool-base.sty"
Package: datatool-base 2019/09/27 v2.32 (NLCT)
 ("C:\Users\Avell\AppData\Local\Programs\MiKTeX 2.9\tex/latex/amsmath\amsmath.sty"
Package: amsmath 2019/11/16 v2.17d AMS math features
\@mathmargin=\skip262

For additional information on amsmath, use the `?' option.
("C:\Users\Avell\AppData\Local\Programs\MiKTeX 2.9\tex/latex/amsmath\amstext.sty"
Package: amstext 2000/06/29 v2.01 AMS text
 ("C:\Users\Avell\AppData\Local\Programs\MiKTeX 2.9\tex/latex/amsmath\amsgen.sty"
File: amsgen.sty 1999/11/30 v2.0 generic functions
\@emptytoks=\toks35
\ex@=\dimen170
)) ("C:\Users\Avell\AppData\Local\Programs\MiKTeX 2.9\tex/latex/amsmath\amsbsy.sty"
Package: amsbsy 1999/11/29 v1.2d Bold Symbols
\pmbraise@=\dimen171
) ("C:\Users\Avell\AppData\Local\Programs\MiKTeX 2.9\tex/latex/amsmath\amsopn.sty"
Package: amsopn 2016/03/08 v2.02 operator names
)
\inf@bad=\count184
LaTeX Info: Redefining \frac on input line 227.
\uproot@=\count185
\leftroot@=\count186
LaTeX Info: Redefining \overline on input line 389.
\classnum@=\count187
\DOTSCASE@=\count188
LaTeX Info: Redefining \ldots on input line 486.
LaTeX Info: Redefining \dots on input line 489.
LaTeX Info: Redefining \cdots on input line 610.
\Mathstrutbox@=\box39
\strutbox@=\box40
\big@size=\dimen172
LaTeX Font Info:    Redeclaring font encoding OML on input line 733.
LaTeX Font Info:    Redeclaring font encoding OMS on input line 734.
\macc@depth=\count189
\c@MaxMatrixCols=\count190
\dotsspace@=\muskip11
\c@parentequation=\count191
\dspbrk@lvl=\count192
\tag@help=\toks36
\row@=\count193
\column@=\count194
\maxfields@=\count266
\andhelp@=\toks37
\eqnshift@=\dimen173
\alignsep@=\dimen174
\tagshift@=\dimen175
\tagwidth@=\dimen176
\totwidth@=\dimen177
\lineht@=\dimen178
\@envbody=\toks38
\multlinegap=\skip263
\multlinetaggap=\skip264
\mathdisplay@stack=\toks39
LaTeX Info: Redefining \[ on input line 2858.
LaTeX Info: Redefining \] on input line 2859.
) ("C:\Users\Avell\AppData\Local\Programs\MiKTeX 2.9\tex/latex/substr\substr.sty"
Package: substr 2009/10/20 v1.2 Handle substrings
\c@su@anzahl=\count267
) ("C:\Users\Avell\AppData\Local\Programs\MiKTeX 2.9\tex/latex/datatool\datatool-fp.sty"
Package: datatool-fp 2019/09/27 v2.32 (NLCT)
 ("C:\Users\Avell\AppData\Local\Programs\MiKTeX 2.9\tex/latex/fp\fp.sty"
Package: fp 1995/04/02
 `Fixed Point Package', Version 0.8, April 2, 1995 (C) Michael Mehlich ("C:\Users\Avell\AppData\Local\Programs\MiKTeX 2.9\tex/latex/fp\defpattern.sty"
Package: defpattern 1994/10/12
\actioncount=\count268
) ("C:\Users\Avell\AppData\Local\Programs\MiKTeX 2.9\tex/latex/fp\fp-basic.sty"
Package: fp-basic 1996/05/13
\FP@xs=\count269
\FP@xia=\count270
\FP@xib=\count271
\FP@xfa=\count272
\FP@xfb=\count273
\FP@rega=\count274
\FP@regb=\count275
\FP@regs=\count276
\FP@times=\count277
) ("C:\Users\Avell\AppData\Local\Programs\MiKTeX 2.9\tex/latex/fp\fp-addons.sty"
Package: fp-addons 1995/03/15
) ("C:\Users\Avell\AppData\Local\Programs\MiKTeX 2.9\tex/latex/fp\fp-snap.sty"
Package: fp-snap 1995/04/05
) ("C:\Users\Avell\AppData\Local\Programs\MiKTeX 2.9\tex/latex/fp\fp-exp.sty"
Package: fp-exp 1995/04/03
) ("C:\Users\Avell\AppData\Local\Programs\MiKTeX 2.9\tex/latex/fp\fp-trigo.sty"
Package: fp-trigo 1995/04/14
) ("C:\Users\Avell\AppData\Local\Programs\MiKTeX 2.9\tex/latex/fp\fp-pas.sty"
Package: fp-pas 1994/08/29
) ("C:\Users\Avell\AppData\Local\Programs\MiKTeX 2.9\tex/latex/fp\fp-random.sty"
Package: fp-random 1995/02/23
\FPseed=\count278
) ("C:\Users\Avell\AppData\Local\Programs\MiKTeX 2.9\tex/latex/fp\fp-eqn.sty"
Package: fp-eqn 1995/04/03
) ("C:\Users\Avell\AppData\Local\Programs\MiKTeX 2.9\tex/latex/fp\fp-upn.sty"
Package: fp-upn 1996/10/21
) ("C:\Users\Avell\AppData\Local\Programs\MiKTeX 2.9\tex/latex/fp\fp-eval.sty"
Package: fp-eval 1995/04/03
)))
\@dtl@toks=\toks40
\@dtl@tmpcount=\count279
\dtl@tmplength=\skip265
\dtl@sortresult=\count280
\@dtl@numgrpsepcount=\count281
\@dtl@datatype=\count282
\dtl@codeA=\count283
\dtl@codeB=\count284
\@dtl@foreach@level=\count285
) ("C:\Users\Avell\AppData\Local\Programs\MiKTeX 2.9\tex/latex/glossaries/base\glossaries-compatible-307.sty"
Package: glossaries-compatible-307 2019/12/06 v4.44 (NLCT)
) ("C:\Users\Avell\AppData\Local\Programs\MiKTeX 2.9\tex/latex/tracklang\tracklang.sty"
Package: tracklang 2019/11/30 v1.4 (NLCT) Track Languages
 ("C:\Users\Avell\AppData\Local\Programs\MiKTeX 2.9\tex/generic/tracklang\tracklang.tex")) ("C:\Users\Avell\AppData\Local\Programs\MiKTeX 2.9\tex/latex/glossaries-english\glossaries-english.ldf"
File: glossaries-english.ldf 2014/11/23 v1.0
) ("C:\Users\Avell\AppData\Local\Programs\MiKTeX 2.9\tex/latex/glossaries-portuges\glossaries-pt-BR.ldf"
File: glossaries-pt-BR.ldf 2014/11/23 v1.0
 ("C:\Users\Avell\AppData\Local\Programs\MiKTeX 2.9\tex/latex/glossaries-portuges\glossaries-portuges-utf8.ldf"))
\gls@level=\count286
\@gls@tmpb=\toks41
\gls@tmplen=\skip266


Package glossaries Warning: Overriding \printglossary on input line 5834.

\c@glossarysubentry=\count287

Package glossaries Warning: Overriding `theglossary' environment on input line 6424.

\glskeylisttok=\toks42
\glslabeltok=\toks43
\glsshorttok=\toks44
\glslongtok=\toks45
("C:\Users\Avell\AppData\Local\Programs\MiKTeX 2.9\tex/latex/glossaries/styles\glossary-hypernav.sty"
Package: glossary-hypernav 2019/12/06 v4.44 (NLCT)
) ("C:\Users\Avell\AppData\Local\Programs\MiKTeX 2.9\tex/latex/glossaries/styles\glossary-list.sty"
Package: glossary-list 2019/12/06 v4.44 (NLCT)
\glslistdottedwidth=\skip267
) ("C:\Users\Avell\AppData\Local\Programs\MiKTeX 2.9\tex/latex/glossaries/styles\glossary-long.sty"
Package: glossary-long 2019/12/06 v4.44 (NLCT)
\glsdescwidth=\skip268
\glspagelistwidth=\skip269
) ("C:\Users\Avell\AppData\Local\Programs\MiKTeX 2.9\tex/latex/glossaries/styles\glossary-super.sty"
Package: glossary-super 2019/12/06 v4.44 (NLCT)
 ("C:\Users\Avell\AppData\Local\Programs\MiKTeX 2.9\tex/latex/supertabular\supertabular.sty"
Package: supertabular 2004/02/20 v4.1e the supertabular environment
\c@tracingst=\count288
\ST@wd=\dimen179
\ST@rightskip=\skip270
\ST@leftskip=\skip271
\ST@parfillskip=\skip272
\ST@pageleft=\dimen180
\ST@headht=\dimen181
\ST@tailht=\dimen182
\ST@pagesofar=\dimen183
\ST@pboxht=\dimen184
\ST@lineht=\dimen185
\ST@stretchht=\dimen186
\ST@prevht=\dimen187
\ST@toadd=\dimen188
\ST@dimen=\dimen189
\ST@pbox=\box41
)) ("C:\Users\Avell\AppData\Local\Programs\MiKTeX 2.9\tex/latex/glossaries/styles\glossary-tree.sty"
Package: glossary-tree 2019/12/06 v4.44 (NLCT)
\glstreeindent=\skip273
)) ("C:\Users\Avell\AppData\Local\Programs\MiKTeX 2.9\tex/latex/mathastext\mathastext.sty"
Package: mathastext 2019/11/16 v1.3w Use the text font in math mode (JFB)
\mst@exists@muskip=\muskip12
\mst@forall@muskip=\muskip13
\mst@prime@muskip=\muskip14
\mst@do@nonletters=\toks46
\mst@do@easynonletters=\toks47
\mst@do@az=\toks48
\mst@do@AZ=\toks49
\symmtoperatorfont=\mathgroup4
\symmtletterfont=\mathgroup5

** will use Euler font; command \MTEulerScale
\symmteulervm=\mathgroup6
** ! and ?
** punctuation: , . : ; and \colon
LaTeX Info: Redefining \rightarrowfill on input line 790.
LaTeX Info: Redefining \leftarrowfill on input line 795.
** + and =
** adding = ; and + to \nfss@catcodes
** parentheses ( ) [ ] and slash /
** alldelims: < > \backslash \setminus | \vert \mid \{ and \}
LaTeX Font Info:    Redeclaring math delimiter \backslash on input line 932.
LaTeX Font Info:    Redeclaring math symbol \setminus on input line 944.
LaTeX Info: Redefining \models on input line 953.
LaTeX Font Info:    Redeclaring math delimiter \lbrace on input line 970.
LaTeX Font Info:    Redeclaring math delimiter \rbrace on input line 972.
** \# \mathdollar \% \& 
** \imath and \jmath 
LaTeX Font Info:    Overwriting math alphabet `\mathnormalbold' in version `normal'
(Font)                  T1/phv/bx/it --> T1/phv/bx/it on input line 2140.
LaTeX Font Info:    Overwriting math alphabet `\mathnormalbold' in version `bold'
(Font)                  T1/phv/bx/it --> T1/phv/bx/it on input line 2140.
LaTeX Font Info:    Overwriting symbol font `mtletterfont' in version `normal'
(Font)                  T1/phv/m/it --> T1/phv/m/it on input line 2140.
LaTeX Font Info:    Overwriting symbol font `mtletterfont' in version `bold'
(Font)                  T1/phv/m/it --> T1/phv/bx/it on input line 2140.
LaTeX Font Info:    Overwriting symbol font `mtoperatorfont' in version `normal'
(Font)                  T1/phv/m/n --> T1/phv/m/n on input line 2140.
LaTeX Font Info:    Overwriting symbol font `mtoperatorfont' in version `bold'
(Font)                  T1/phv/m/n --> T1/phv/bx/n on input line 2140.
LaTeX Font Info:    Overwriting math alphabet `\Mathbf' in version `normal'
(Font)                  T1/phv/bx/n --> T1/phv/bx/n on input line 2140.
LaTeX Font Info:    Overwriting math alphabet `\Mathbf' in version `bold'
(Font)                  T1/phv/bx/n --> T1/phv/bx/n on input line 2140.
LaTeX Font Info:    Overwriting math alphabet `\Mathit' in version `normal'
(Font)                  T1/phv/m/it --> T1/phv/m/it on input line 2140.
LaTeX Font Info:    Overwriting math alphabet `\Mathit' in version `bold'
(Font)                  T1/phv/m/it --> T1/phv/bx/it on input line 2140.
LaTeX Font Info:    Overwriting math alphabet `\Mathsf' in version `normal'
(Font)                  T1/phv/m/n --> T1/phv/m/n on input line 2140.
LaTeX Font Info:    Overwriting math alphabet `\Mathsf' in version `bold'
(Font)                  T1/phv/m/n --> T1/phv/bx/n on input line 2140.
LaTeX Font Info:    Overwriting math alphabet `\Mathtt' in version `normal'
(Font)                  T1/cmtt/m/n --> T1/cmtt/m/n on input line 2140.
LaTeX Font Info:    Overwriting math alphabet `\Mathtt' in version `bold'
(Font)                  T1/cmtt/m/n --> T1/cmtt/bx/n on input line 2140.
LaTeX Font Info:    Overwriting symbol font `mteulervm' in version `bold'
(Font)                  U/zeur/m/n --> U/zeur/bx/n on input line 2140.
LaTeX Font Info:    Overwriting math alphabet `\MathEulerBold' in version `normal'
(Font)                  U/zeur/bx/n --> U/zeur/bx/n on input line 2140.
LaTeX Font Info:    Overwriting math alphabet `\MathEulerBold' in version `bold'
(Font)                  U/zeur/bx/n --> U/zeur/bx/n on input line 2140.
** Latin letters in the normal (resp. bold) math versions are now
** set up to use the fonts T1/phv/m(bx)/it
** Other characters (digits, ...) and \log-like names will be
** typeset with the n shape.
** \hbar
** minus as endash
** Greek letters will use the Euler font. Use \MathastextEulerScale{<factor>} to scale the font.
) ("C:\Users\Avell\AppData\Local\Programs\MiKTeX 2.9\tex/latex/tools\bm.sty"
Package: bm 2019/07/24 v1.2d Bold Symbol Support (DPC/FMi)
\symboldoperators=\mathgroup7
\symboldletters=\mathgroup8
\symboldsymbols=\mathgroup9
\symboldmtoperatorfont=\mathgroup10
LaTeX Font Info:    Redeclaring math alphabet \mathbf on input line 141.
LaTeX Info: Redefining \bm on input line 209.
) ("C:\Users\Avell\AppData\Local\Programs\MiKTeX 2.9\tex/latex/biblatex\biblatex.sty"
Package: biblatex 2019/12/01 v3.14 programmable bibliographies (PK/MW)
 ("C:\Users\Avell\AppData\Local\Programs\MiKTeX 2.9\tex/latex/logreq\logreq.sty"
Package: logreq 2010/08/04 v1.0 xml request logger
\lrq@indent=\count289
 ("C:\Users\Avell\AppData\Local\Programs\MiKTeX 2.9\tex/latex/logreq\logreq.def"
File: logreq.def 2010/08/04 v1.0 logreq spec v1.0
))
\c@tabx@nest=\count290
\c@listtotal=\count291
\c@listcount=\count292
\c@liststart=\count293
\c@liststop=\count294
\c@citecount=\count295
\c@citetotal=\count296
\c@multicitecount=\count297
\c@multicitetotal=\count298
\c@instcount=\count299
\c@maxnames=\count300
\c@minnames=\count301
\c@maxitems=\count302
\c@minitems=\count303
\c@citecounter=\count304
\c@maxcitecounter=\count305
\c@savedcitecounter=\count306
\c@uniquelist=\count307
\c@uniquename=\count308
\c@refsection=\count309
\c@refsegment=\count310
\c@maxextratitle=\count311
\c@maxextratitleyear=\count312
\c@maxextraname=\count313
\c@maxextradate=\count314
\c@maxextraalpha=\count315
\c@abbrvpenalty=\count316
\c@highnamepenalty=\count317
\c@lownamepenalty=\count318
\c@maxparens=\count319
\c@parenlevel=\count320
\blx@tempcnta=\count321
\blx@tempcntb=\count322
\blx@tempcntc=\count323
\blx@maxsection=\count324
\blx@maxsegment@0=\count325
\blx@notetype=\count326
\blx@parenlevel@text=\count327
\blx@parenlevel@foot=\count328
\blx@sectionciteorder@0=\count329
\blx@entrysetcounter=\count330
\labelnumberwidth=\skip274
\labelalphawidth=\skip275
\biblabelsep=\skip276
\bibnamesep=\skip277
\bibinitsep=\skip278
\bibparsep=\skip279
\bibhang=\skip280
\blx@bcfin=\read2
\blx@bcfout=\write4
\blx@langwohyphens=\language78
\c@mincomprange=\count331
\c@maxcomprange=\count332
\c@mincompwidth=\count333
Package biblatex Info: Trying to load biblatex default data model...
Package biblatex Info: ... file 'blx-dm.def' found.
 ("C:\Users\Avell\AppData\Local\Programs\MiKTeX 2.9\tex/latex/biblatex\blx-dm.def"
File: blx-dm.def 2019/12/01 v3.14 biblatex localization (PK/MW)
)
Package biblatex Info: Trying to load biblatex style data model...
Package biblatex Info: ... file 'abnt.dbx' not found.
Package biblatex Info: Trying to load biblatex custom data model...
Package biblatex Info: ... file 'biblatex-dm.cfg' not found.
\c@afterword=\count334
\c@savedafterword=\count335
\c@annotator=\count336
\c@savedannotator=\count337
\c@author=\count338
\c@savedauthor=\count339
\c@bookauthor=\count340
\c@savedbookauthor=\count341
\c@commentator=\count342
\c@savedcommentator=\count343
\c@editor=\count344
\c@savededitor=\count345
\c@editora=\count346
\c@savededitora=\count347
\c@editorb=\count348
\c@savededitorb=\count349
\c@editorc=\count350
\c@savededitorc=\count351
\c@foreword=\count352
\c@savedforeword=\count353
\c@holder=\count354
\c@savedholder=\count355
\c@introduction=\count356
\c@savedintroduction=\count357
\c@namea=\count358
\c@savednamea=\count359
\c@nameb=\count360
\c@savednameb=\count361
\c@namec=\count362
\c@savednamec=\count363
\c@translator=\count364
\c@savedtranslator=\count365
\c@shortauthor=\count366
\c@savedshortauthor=\count367
\c@shorteditor=\count368
\c@savedshorteditor=\count369
\c@labelname=\count370
\c@savedlabelname=\count371
\c@institution=\count372
\c@savedinstitution=\count373
\c@lista=\count374
\c@savedlista=\count375
\c@listb=\count376
\c@savedlistb=\count377
\c@listc=\count378
\c@savedlistc=\count379
\c@listd=\count380
\c@savedlistd=\count381
\c@liste=\count382
\c@savedliste=\count383
\c@listf=\count384
\c@savedlistf=\count385
\c@location=\count386
\c@savedlocation=\count387
\c@organization=\count388
\c@savedorganization=\count389
\c@origlocation=\count390
\c@savedoriglocation=\count391
\c@origpublisher=\count392
\c@savedorigpublisher=\count393
\c@publisher=\count394
\c@savedpublisher=\count395
\c@language=\count396
\c@savedlanguage=\count397
\c@origlanguage=\count398
\c@savedoriglanguage=\count399
\c@pageref=\count400
\c@savedpageref=\count401
\shorthandwidth=\skip281
\shortjournalwidth=\skip282
\shortserieswidth=\skip283
\shorttitlewidth=\skip284
\shortauthorwidth=\skip285
\shorteditorwidth=\skip286
\locallabelnumberwidth=\skip287
\locallabelalphawidth=\skip288
\localshorthandwidth=\skip289
\localshortjournalwidth=\skip290
\localshortserieswidth=\skip291
\localshorttitlewidth=\skip292
\localshortauthorwidth=\skip293
\localshorteditorwidth=\skip294
Package biblatex Info: Trying to load compatibility code...
Package biblatex Info: ... file 'blx-compat.def' found.
 ("C:\Users\Avell\AppData\Local\Programs\MiKTeX 2.9\tex/latex/biblatex\blx-compat.def"
File: blx-compat.def 2019/12/01 v3.14 biblatex compatibility (PK/MW)
)
Package biblatex Info: Trying to load generic definitions...
Package biblatex Info: ... file 'biblatex.def' found.
 ("C:\Users\Avell\AppData\Local\Programs\MiKTeX 2.9\tex/latex/biblatex\biblatex.def"
File: biblatex.def 2019/12/01 v3.14 biblatex compatibility (PK/MW)
\c@textcitecount=\count402
\c@textcitetotal=\count403
\c@textcitemaxnames=\count404
\c@biburlbigbreakpenalty=\count405
\c@biburlbreakpenalty=\count406
\c@biburlnumpenalty=\count407
\c@biburlucpenalty=\count408
\c@biburllcpenalty=\count409
\biburlbigskip=\muskip15
\biburlnumskip=\muskip16
\biburlucskip=\muskip17
\biburllcskip=\muskip18
\c@smartand=\count410
)
Package biblatex Info: Trying to load bibliography style 'abnt'...
Package biblatex Info: ... file 'abnt.bbx' found.
 ("C:\Users\Avell\AppData\Local\Programs\MiKTeX 2.9\tex/latex/biblatex-abnt/bbx\abnt.bbx"
File: abnt.bbx 2018-11-17 v3.4 ABNT BibLaTeX citation style
 ("C:\Users\Avell\AppData\Local\Programs\MiKTeX 2.9\tex/latex/l3packages/xparse\xparse.sty" ("C:\Users\Avell\AppData\Local\Programs\MiKTeX 2.9\tex/latex/l3kernel\expl3.sty"
Package: expl3 2019-11-07 L3 programming layer (loader) 
 ("C:\Users\Avell\AppData\Local\Programs\MiKTeX 2.9\tex/latex/l3kernel\expl3-code.tex"
Package: expl3 2019-11-07 L3 programming layer (code)
\c_max_int=\count411
\l_tmpa_int=\count412
\l_tmpb_int=\count413
\g_tmpa_int=\count414
\g_tmpb_int=\count415
\l__seq_internal_a_int=\count416
\l__seq_internal_b_int=\count417
\g__kernel_prg_map_int=\count418
\c__ior_term_noprompt_ior=\count419
\c_log_iow=\count420
\l_iow_line_count_int=\count421
\l__iow_line_target_int=\count422
\l__iow_one_indent_int=\count423
\l__iow_indent_int=\count424
\c_zero_dim=\dimen190
\c_max_dim=\dimen191
\l_tmpa_dim=\dimen192
\l_tmpb_dim=\dimen193
\g_tmpa_dim=\dimen194
\g_tmpb_dim=\dimen256
\c_zero_skip=\skip295
\c_max_skip=\skip296
\l_tmpa_skip=\skip297
\l_tmpb_skip=\skip298
\g_tmpa_skip=\skip299
\g_tmpb_skip=\skip300
\c_zero_muskip=\muskip19
\c_max_muskip=\muskip20
\l_tmpa_muskip=\muskip21
\l_tmpb_muskip=\muskip22
\g_tmpa_muskip=\muskip23
\g_tmpb_muskip=\muskip24
\l_keys_choice_int=\count425
\l__intarray_loop_int=\count426
\c__intarray_sp_dim=\dimen257
\g__intarray_font_int=\count427
\c__fp_leading_shift_int=\count428
\c__fp_middle_shift_int=\count429
\c__fp_trailing_shift_int=\count430
\c__fp_big_leading_shift_int=\count431
\c__fp_big_middle_shift_int=\count432
\c__fp_big_trailing_shift_int=\count433
\c__fp_Bigg_leading_shift_int=\count434
\c__fp_Bigg_middle_shift_int=\count435
\c__fp_Bigg_trailing_shift_int=\count436
\c__kernel_randint_max_int=\count437
\g__fp_array_int=\count438
\l__fp_array_loop_int=\count439
\l__sort_length_int=\count440
\l__sort_min_int=\count441
\l__sort_top_int=\count442
\l__sort_max_int=\count443
\l__sort_true_max_int=\count444
\l__sort_block_int=\count445
\l__sort_begin_int=\count446
\l__sort_end_int=\count447
\l__sort_A_int=\count448
\l__sort_B_int=\count449
\l__sort_C_int=\count450
\l__str_internal_int=\count451
\c__str_replacement_char_int=\count452
\l__tl_analysis_normal_int=\count453
\l__tl_analysis_index_int=\count454
\l__tl_analysis_nesting_int=\count455
\l__tl_analysis_type_int=\count456
\l__regex_internal_a_int=\count457
\l__regex_internal_b_int=\count458
\l__regex_internal_c_int=\count459
\l__regex_balance_int=\count460
\l__regex_group_level_int=\count461
\l__regex_mode_int=\count462
\c__regex_cs_in_class_mode_int=\count463
\c__regex_cs_mode_int=\count464
\l__regex_catcodes_int=\count465
\l__regex_default_catcodes_int=\count466
\c__regex_catcode_D_int=\count467
\c__regex_catcode_S_int=\count468
\c__regex_catcode_L_int=\count469
\c__regex_catcode_O_int=\count470
\c__regex_catcode_A_int=\count471
\c__regex_all_catcodes_int=\count472
\l__regex_show_lines_int=\count473
\l__regex_min_state_int=\count474
\l__regex_max_state_int=\count475
\l__regex_left_state_int=\count476
\l__regex_right_state_int=\count477
\l__regex_capturing_group_int=\count478
\l__regex_min_pos_int=\count479
\l__regex_max_pos_int=\count480
\l__regex_curr_pos_int=\count481
\l__regex_start_pos_int=\count482
\l__regex_success_pos_int=\count483
\l__regex_curr_char_int=\count484
\l__regex_curr_catcode_int=\count485
\l__regex_last_char_int=\count486
\l__regex_case_changed_char_int=\count487
\l__regex_curr_state_int=\count488
\l__regex_step_int=\count489
\l__regex_min_active_int=\count490
\l__regex_max_active_int=\count491
\l__regex_replacement_csnames_int=\count492
\l__regex_match_count_int=\count493
\l__regex_min_submatch_int=\count494
\l__regex_submatch_int=\count495
\l__regex_zeroth_submatch_int=\count496
\g__regex_trace_regex_int=\count497
\c_empty_box=\box42
\l_tmpa_box=\box43
\l_tmpb_box=\box44
\g_tmpa_box=\box45
\g_tmpb_box=\box46
\l__box_top_dim=\dimen258
\l__box_bottom_dim=\dimen259
\l__box_left_dim=\dimen260
\l__box_right_dim=\dimen261
\l__box_top_new_dim=\dimen262
\l__box_bottom_new_dim=\dimen263
\l__box_left_new_dim=\dimen264
\l__box_right_new_dim=\dimen265
\l__box_internal_box=\box47
\l__coffin_internal_box=\box48
\l__coffin_internal_dim=\dimen266
\l__coffin_offset_x_dim=\dimen267
\l__coffin_offset_y_dim=\dimen268
\l__coffin_x_dim=\dimen269
\l__coffin_y_dim=\dimen270
\l__coffin_x_prime_dim=\dimen271
\l__coffin_y_prime_dim=\dimen272
\c_empty_coffin=\box49
\l__coffin_aligned_coffin=\box50
\l__coffin_aligned_internal_coffin=\box51
\l_tmpa_coffin=\box52
\l_tmpb_coffin=\box53
\g_tmpa_coffin=\box54
\g_tmpb_coffin=\box55
\l__coffin_bounding_shift_dim=\dimen273
\l__coffin_left_corner_dim=\dimen274
\l__coffin_right_corner_dim=\dimen275
\l__coffin_bottom_corner_dim=\dimen276
\l__coffin_top_corner_dim=\dimen277
\l__coffin_scaled_total_height_dim=\dimen278
\l__coffin_scaled_width_dim=\dimen279
\c__coffin_empty_coffin=\box56
\l__coffin_display_coffin=\box57
\l__coffin_display_coord_coffin=\box58
\l__coffin_display_pole_coffin=\box59
\l__coffin_display_offset_dim=\dimen280
\l__coffin_display_x_dim=\dimen281
\l__coffin_display_y_dim=\dimen282
\g__char_data_ior=\read3
 ("C:\Users\Avell\AppData\Local\Programs\MiKTeX 2.9\tex/latex/l3kernel\l3deprecation.def"
File: l3deprecation.def 2019-04-06 v L3 Deprecated functions
)) ("C:\Users\Avell\AppData\Local\Programs\MiKTeX 2.9\tex/latex/l3backend\l3backend-pdfmode.def"
File: l3backend-pdfmode.def 2019-04-06 L3 backend support: PDF mode
\l__kernel_color_stack_int=\count498
\l__pdf_internal_box=\box60
))
Package: xparse 2019-10-11 L3 Experimental document command parser
\l__xparse_current_arg_int=\count499
\g__xparse_grabber_int=\count500
\l__xparse_m_args_int=\count501
\l__xparse_v_nesting_int=\count502
) ("C:\Users\Avell\AppData\Local\Programs\MiKTeX 2.9\tex/latex/xpatch\xpatch.sty"
Package: xpatch 2012/10/02 v0.3 Extending etoolbox patching commands
)
Package biblatex Info: Trying to load bibliography style 'standard'...
Package biblatex Info: ... file 'standard.bbx' found.
 ("C:\Users\Avell\AppData\Local\Programs\MiKTeX 2.9\tex/latex/biblatex/bbx\standard.bbx"
File: standard.bbx 2019/12/01 v3.14 biblatex bibliography style (PK/MW)
\c@bbx:relatedcount=\count503
\c@bbx:relatedtotal=\count504
))
Package biblatex Info: Trying to load citation style 'abnt'...
Package biblatex Info: ... file 'abnt.cbx' found.
 ("C:\Users\Avell\AppData\Local\Programs\MiKTeX 2.9\tex/latex/biblatex-abnt/cbx\abnt.cbx"
File: abnt.cbx 2018-11-17 v3.4 ABNT BibLaTeX citation style
Package biblatex Info: Trying to load citation style 'authoryear-comp'...
Package biblatex Info: ... file 'authoryear-comp.cbx' found.
 ("C:\Users\Avell\AppData\Local\Programs\MiKTeX 2.9\tex/latex/biblatex/cbx\authoryear-comp.cbx"
File: authoryear-comp.cbx 2019/12/01 v3.14 biblatex citation style (PK/MW)
Package biblatex Info: Redefining '\cite'.
Package biblatex Info: Redefining '\parencite'.
Package biblatex Info: Redefining '\footcite'.
Package biblatex Info: Redefining '\footcitetext'.
Package biblatex Info: Redefining '\smartcite'.
Package biblatex Info: Redefining '\textcite'.
Package biblatex Info: Redefining '\textcites'.
Package biblatex Info: Redefining '\cites'.
Package biblatex Info: Redefining '\parencites'.
Package biblatex Info: Redefining '\footcites'.
Package biblatex Info: Redefining '\footcitetexts'.
Package biblatex Info: Redefining '\smartcites'.
)
Package biblatex Info: Redefining '\cite'.
Package biblatex Info: Redefining '\cites'.
Package biblatex Info: Redefining '\footcite'.
Package biblatex Info: Redefining '\footcites'.
Package biblatex Info: Redefining '\citetitle'.
Package biblatex Info: Redefining '\smartcite'.
Package biblatex Info: Redefining '\citeauthor'.
Package biblatex Info: Redefining '\citeyear'.
)
Package biblatex Info: Trying to load configuration file...
Package biblatex Info: ... file 'biblatex.cfg' found.
 ("C:\Users\Avell\AppData\Local\Programs\MiKTeX 2.9\tex/latex/biblatex\biblatex.cfg"
File: biblatex.cfg 
))
LaTeX Font Info:    Redeclaring symbol font `largesymbols' on input line 114.
LaTeX Font Info:    Overwriting symbol font `largesymbols' in version `normal'
(Font)                  OMX/cmex/m/n --> OMX/helvet/m/n on input line 114.
LaTeX Font Info:    Overwriting symbol font `largesymbols' in version `bold'
(Font)                  OMX/cmex/m/n --> OMX/helvet/m/n on input line 114.
\c@quadro=\count505
\c@loqdepth=\count506
\cftbeforequadroskip=\skip301
\cftquadroindent=\skip302
\cftquadronumwidth=\skip303
)
Package color Info: Redefining color blue on input line 122.
Package hyperref Info: Option `colorlinks' set `true' on input line 138.
\main@idxfile=\write5
\openout5 = `main.idx'.


Writing index file main.idx 
Package csquotes Info: Checking for multilingual support...
Package csquotes Info: ... found 'babel' package.
Package csquotes Info: Adjusting default style.
Package csquotes Info: Redefining alias 'default' -> 'brazil'.
(c:/Users\Avell\Dev\google\github\lmp\master-thesis-latex\main.aux (c:/Users\Avell\Dev\google\github\lmp\master-thesis-latex\chapters/1-chapter.aux) (c:/Users\Avell\Dev\google\github\lmp\master-thesis-latex\chapters/2-chapter.aux) (c:/Users\Avell\Dev\google\github\lmp\master-thesis-latex\chapters/3-chapter.aux) (c:/Users\Avell\Dev\google\github\lmp\master-thesis-latex\chapters/4-chapter.aux))
\openout1 = `main.aux'.

LaTeX Font Info:    Checking defaults for OML/cmm/m/it on input line 169.
LaTeX Font Info:    ... okay on input line 169.
LaTeX Font Info:    Checking defaults for T1/cmr/m/n on input line 169.
LaTeX Font Info:    ... okay on input line 169.
LaTeX Font Info:    Checking defaults for OT1/cmr/m/n on input line 169.
LaTeX Font Info:    ... okay on input line 169.
LaTeX Font Info:    Checking defaults for OMS/cmsy/m/n on input line 169.
LaTeX Font Info:    ... okay on input line 169.
LaTeX Font Info:    Checking defaults for OMX/cmex/m/n on input line 169.
LaTeX Font Info:    ... okay on input line 169.
LaTeX Font Info:    Checking defaults for U/cmr/m/n on input line 169.
LaTeX Font Info:    ... okay on input line 169.
LaTeX Font Info:    Checking defaults for PD1/pdf/m/n on input line 169.
LaTeX Font Info:    ... okay on input line 169.
LaTeX Font Info:    Trying to load font information for T1+phv on input line 169.
 ("C:\Users\Avell\AppData\Local\Programs\MiKTeX 2.9\tex/latex/psnfss\t1phv.fd"
File: t1phv.fd 2001/06/04 scalable font definitions for T1/phv.
)
\AtBeginShipoutBox=\box61
Package hyperref Info: Link coloring ON on input line 169.
 ("C:\Users\Avell\AppData\Local\Programs\MiKTeX 2.9\tex/latex/hyperref\nameref.sty"
Package: nameref 2019/09/16 v2.46 Cross-referencing by name of section
 ("C:\Users\Avell\AppData\Local\Programs\MiKTeX 2.9\tex/latex/refcount\refcount.sty"
Package: refcount 2019/12/15 v3.6 Data extraction from label references (HO)
) ("C:\Users\Avell\AppData\Local\Programs\MiKTeX 2.9\tex/generic/gettitlestring\gettitlestring.sty"
Package: gettitlestring 2019/12/15 v1.6 Cleanup title references (HO)
)
\c@section@level=\count507
)
Redoing nameref's sectioning
Redoing nameref's label
LaTeX Info: Redefining \nameref on input line 169.
LaTeX Info: Redefining \ref on input line 169.
LaTeX Info: Redefining \pageref on input line 169.
LaTeX Info: Redefining \nameref on input line 169.
\myptabbox=\box62
\myptabboxwidth=\skip304
("C:\Users\Avell\AppData\Local\Programs\MiKTeX 2.9\tex/context/base/mkii\supp-pdf.mkii"
[Loading MPS to PDF converter (version 2006.09.02).]
\scratchcounter=\count508
\scratchdimen=\dimen283
\scratchbox=\box63
\nofMPsegments=\count509
\nofMParguments=\count510
\everyMPshowfont=\toks50
\MPscratchCnt=\count511
\MPscratchDim=\dimen284
\MPnumerator=\count512
\makeMPintoPDFobject=\count513
\everyMPtoPDFconversion=\toks51
) ("C:\Users\Avell\AppData\Local\Programs\MiKTeX 2.9\tex/latex/epstopdf-pkg\epstopdf-base.sty"
Package: epstopdf-base 2019-12-09 v2.10 Base part for package epstopdf
Package epstopdf-base Info: Redefining graphics rule for `.eps' on input line 485.
)
LaTeX Info: Redefining \microtypecontext on input line 169.
Package microtype Info: Generating PDF output.
Package microtype Info: Character protrusion enabled (level 2),
(microtype)             factor: 1100.
Package microtype Info: Using default protrusion set `alltext'.
Package microtype Info: Automatic font expansion enabled (level 2),
(microtype)             stretch: 10, shrink: 10, step: 1, non-selected.
Package microtype Info: Using default expansion set `basictext'.
LaTeX Info: Redefining \showhyphens on input line 169.
Package microtype Info: No adjustment of tracking.
Package microtype Info: No adjustment of interword spacing.
Package microtype Info: No adjustment of character kerning.
Package microtype Info: Loading generic protrusion settings for font family
(microtype)             `phv' (encoding: T1).
(microtype)             For optimal results, create family-specific settings.
(microtype)             See the microtype manual for details.
 ("C:\Users\Avell\AppData\Local\Programs\MiKTeX 2.9\tex/latex/pdflscape\pdflscape.sty"
Package: pdflscape 2019/12/05 v0.12 Display of landscape pages in PDF (HO)
 ("C:\Users\Avell\AppData\Local\Programs\MiKTeX 2.9\tex/latex/graphics\lscape.sty"
Package: lscape 2000/10/22 v3.01 Landscape Pages (DPC)
)
Package pdflscape Info: Auto-detected driver: pdftex on input line 81.
)
Package caption Info: Begin \AtBeginDocument code.
Package caption Info: longtable package is loaded.
 ("C:\Users\Avell\AppData\Local\Programs\MiKTeX 2.9\tex/latex/caption\ltcaption.sty"
Package: ltcaption 2020/05/30 v1.4b longtable captions (AR)
)
Package caption Info: supertabular package is loaded.
Package caption Info: End \AtBeginDocument code.
Package mathastext Info: current meaning of amsmath \resetMathstrut@ saved on input line 169.
Package biblatex Info: Trying to load language 'brazil' -> 'brazil-abnt'...
Package biblatex Info: ... file 'brazil-abnt.lbx' found.
 ("C:\Users\Avell\AppData\Local\Programs\MiKTeX 2.9\tex/latex/biblatex-abnt/lbx\brazil-abnt.lbx"
File: brazil-abnt.lbx 2018-11-17 v3.4 ABNT BibLaTeX citation style


Package biblatex Warning: File 'brazilian-abnt-abnt.lbx' not found!
(biblatex)                Ignoring mapping 'brazilian-abnt' -> 'brazilian-abnt-abnt'.

Package biblatex Info: Trying to load language 'brazilian-abnt'...
Package biblatex Info: ... file 'brazilian-abnt.lbx' found.
("C:\Users\Avell\AppData\Local\Programs\MiKTeX 2.9\tex/latex/biblatex-abnt/lbx\brazilian-abnt.lbx"
File: brazilian-abnt.lbx 2018-11-17 v3.4 ABNT BibLaTeX citation style
Package biblatex Info: Trying to load language 'brazilian' -> 'brazilian-abnt'...
Package biblatex Info: ... file 'brazilian-abnt.lbx' found.
 ("C:\Users\Avell\AppData\Local\Programs\MiKTeX 2.9\tex/latex/biblatex-abnt/lbx\brazilian-abnt.lbx"
File: brazilian-abnt.lbx 2018-11-17 v3.4 ABNT BibLaTeX citation style
Package biblatex Info: Trying to load language 'brazilian'...
Package biblatex Info: ... file 'brazilian.lbx' found.
 ("C:\Users\Avell\AppData\Local\Programs\MiKTeX 2.9\tex/latex/biblatex/lbx\brazilian.lbx"
File: brazilian.lbx 2019/12/01 v3.14 biblatex localization (PK/MW)
)))
Package biblatex Info: Trying to load language 'brazilian-abnt'...
Package biblatex Info: ... file 'brazilian-abnt.lbx' found.
 ("C:\Users\Avell\AppData\Local\Programs\MiKTeX 2.9\tex/latex/biblatex-abnt/lbx\brazilian-abnt.lbx"
File: brazilian-abnt.lbx 2018-11-17 v3.4 ABNT BibLaTeX citation style
Package biblatex Info: Trying to load language 'brazilian' -> 'brazilian-abnt'...
Package biblatex Info: ... file 'brazilian-abnt.lbx' found.
 ("C:\Users\Avell\AppData\Local\Programs\MiKTeX 2.9\tex/latex/biblatex-abnt/lbx\brazilian-abnt.lbx"
File: brazilian-abnt.lbx 2018-11-17 v3.4 ABNT BibLaTeX citation style
Package biblatex Info: Trying to load language 'brazilian'...
Package biblatex Info: ... file 'brazilian.lbx' found.
 ("C:\Users\Avell\AppData\Local\Programs\MiKTeX 2.9\tex/latex/biblatex/lbx\brazilian.lbx"
File: brazilian.lbx 2019/12/01 v3.14 biblatex localization (PK/MW)
)
Package biblatex Info: Trying to load language 'brazil'...
Package biblatex Info: ... file 'brazil.lbx' found.
 ("C:\Users\Avell\AppData\Local\Programs\MiKTeX 2.9\tex/latex/biblatex/lbx\brazil.lbx"
File: brazil.lbx 2019/12/01 v3.14 biblatex localization (PK/MW)
Package biblatex Info: Trying to load language 'brazilian'...
Package biblatex Info: ... file 'brazilian.lbx' found.
 ("C:\Users\Avell\AppData\Local\Programs\MiKTeX 2.9\tex/latex/biblatex/lbx\brazilian.lbx"
File: brazilian.lbx 2019/12/01 v3.14 biblatex localization (PK/MW)
)))
Package biblatex Info: Trying to load language 'brazil'...
Package biblatex Info: ... file 'brazil.lbx' found.
 ("C:\Users\Avell\AppData\Local\Programs\MiKTeX 2.9\tex/latex/biblatex/lbx\brazil.lbx"
File: brazil.lbx 2019/12/01 v3.14 biblatex localization (PK/MW)
Package biblatex Info: Trying to load language 'brazilian' -> 'brazilian-abnt'...
Package biblatex Info: ... file 'brazilian-abnt.lbx' found.
 ("C:\Users\Avell\AppData\Local\Programs\MiKTeX 2.9\tex/latex/biblatex-abnt/lbx\brazilian-abnt.lbx"
File: brazilian-abnt.lbx 2018-11-17 v3.4 ABNT BibLaTeX citation style
Package biblatex Info: Trying to load language 'brazilian'...
Package biblatex Info: ... file 'brazilian.lbx' found.
 ("C:\Users\Avell\AppData\Local\Programs\MiKTeX 2.9\tex/latex/biblatex/lbx\brazilian.lbx"
File: brazilian.lbx 2019/12/01 v3.14 biblatex localization (PK/MW)
)
Package biblatex Info: Trying to load language 'brazil'...
Package biblatex Info: ... file 'brazil.lbx' found.
 ("C:\Users\Avell\AppData\Local\Programs\MiKTeX 2.9\tex/latex/biblatex/lbx\brazil.lbx"
File: brazil.lbx 2019/12/01 v3.14 biblatex localization (PK/MW)
Package biblatex Info: Trying to load language 'brazilian'...
Package biblatex Info: ... file 'brazilian.lbx' found.
 ("C:\Users\Avell\AppData\Local\Programs\MiKTeX 2.9\tex/latex/biblatex/lbx\brazilian.lbx"
File: brazilian.lbx 2019/12/01 v3.14 biblatex localization (PK/MW)
))))))
Package biblatex Info: Trying to load language 'english' -> 'english-abnt'...
Package biblatex Info: ... file 'english-abnt.lbx' found.
 ("C:\Users\Avell\AppData\Local\Programs\MiKTeX 2.9\tex/latex/biblatex-abnt/lbx\english-abnt.lbx"
File: english-abnt.lbx 2018-11-17 v3.4 ABNT BibLaTeX citation style
Package biblatex Info: Trying to load language 'english'...
Package biblatex Info: ... file 'english.lbx' found.
 ("C:\Users\Avell\AppData\Local\Programs\MiKTeX 2.9\tex/latex/biblatex/lbx\english.lbx"
File: english.lbx 2019/12/01 v3.14 biblatex localization (PK/MW)
)
Package biblatex Info: Trying to load language 'english'...
Package biblatex Info: ... file 'english.lbx' found.
 ("C:\Users\Avell\AppData\Local\Programs\MiKTeX 2.9\tex/latex/biblatex/lbx\english.lbx"
File: english.lbx 2019/12/01 v3.14 biblatex localization (PK/MW)
)
Package biblatex Info: Trying to load language 'english'...
Package biblatex Info: ... file 'english.lbx' found.
 ("C:\Users\Avell\AppData\Local\Programs\MiKTeX 2.9\tex/latex/biblatex/lbx\english.lbx"
File: english.lbx 2019/12/01 v3.14 biblatex localization (PK/MW)
))
Package biblatex Info: Input encoding 'utf8' detected.
Package biblatex Info: Automatic encoding selection.
(biblatex)             Assuming data encoding 'utf8'.
\openout4 = `main.bcf'.

Package biblatex Info: Trying to load bibliographic data...
Package biblatex Info: ... file 'main.bbl' found.
 (c:/Users\Avell\Dev\google\github\lmp\master-thesis-latex\main.bbl)
Package biblatex Info: Reference section=0 on input line 169.
Package biblatex Info: Reference segment=0 on input line 169.
 (c:/Users\Avell\Dev\google\github\lmp\master-thesis-latex\beforetext/beforetext.tex

pdfTeX warning: pdflatex (file c:/Users/Avell/Dev/google/github/lmp/master-thesis-latex/setup/vertical_sigla_fundo_claro.pdf): PDF inclusion: found PDF version <1.7>, but at most version <1.5> allowed
<setup/vertical_sigla_fundo_claro.pdf, id=3, 327.2225pt x 449.68pt>
File: setup/vertical_sigla_fundo_claro.pdf Graphic file (type pdf)
<use setup/vertical_sigla_fundo_claro.pdf>
Package pdftex.def Info: setup/vertical_sigla_fundo_claro.pdf  used on input line 4.
(pdftex.def)             Requested size: 52.35297pt x 71.9434pt.
LaTeX Font Info:    Font shape `T1/phv/bx/n' in size <12> not available
(Font)              Font shape `T1/phv/b/n' tried instead on input line 4.
[1

{C:/Users/Avell/AppData/Local/MiKTeX/2.9/pdftex/config/pdftex.map} <c:/Users/Avell/Dev/google/github/lmp/master-thesis-latex/setup/vertical_sigla_fundo_claro.pdf>]
Overfull \hbox (0.76207pt too wide) in paragraph at lines 13--13
\T1/phv/m/n/10 (-10) tre/doutor] em [nome do t-tulo ob-tido pelo Pro-grama]. 
 []

pdfTeX warning (ext4): destination with the same identifier (name{page.1}) has been already used, duplicate ignored
<to be read again> 
                   \relax 
l.13 
      [1



]
<beforetext/Ficha_Catalografica.pdf, id=19, 597.55246pt x 845.19763pt>
File: beforetext/Ficha_Catalografica.pdf Graphic file (type pdf)
<use beforetext/Ficha_Catalografica.pdf>
Package pdftex.def Info: beforetext/Ficha_Catalografica.pdf  used on input line 19.
(pdftex.def)             Requested size: 597.551pt x 845.19557pt.
File: beforetext/Ficha_Catalografica.pdf Graphic file (type pdf)
<use beforetext/Ficha_Catalografica.pdf>
Package pdftex.def Info: beforetext/Ficha_Catalografica.pdf  used on input line 19.
(pdftex.def)             Requested size: 597.551pt x 845.19557pt.
<beforetext/Ficha_Catalografica.pdf, id=22, page=1, 597.55246pt x 845.19763pt>
File: beforetext/Ficha_Catalografica.pdf Graphic file (type pdf)
<use beforetext/Ficha_Catalografica.pdf, page 1>
Package pdftex.def Info: beforetext/Ficha_Catalografica.pdf , page1 used on input line 19.
(pdftex.def)             Requested size: 597.551pt x 845.19557pt.
File: beforetext/Ficha_Catalografica.pdf Graphic file (type pdf)
<use beforetext/Ficha_Catalografica.pdf, page 1>
Package pdftex.def Info: beforetext/Ficha_Catalografica.pdf , page1 used on input line 19.
(pdftex.def)             Requested size: 597.57834pt x 845.23425pt.
File: beforetext/Ficha_Catalografica.pdf Graphic file (type pdf)
<use beforetext/Ficha_Catalografica.pdf, page 1>
Package pdftex.def Info: beforetext/Ficha_Catalografica.pdf , page1 used on input line 19.
(pdftex.def)             Requested size: 597.57834pt x 845.23425pt.
File: beforetext/Ficha_Catalografica.pdf Graphic file (type pdf)
<use beforetext/Ficha_Catalografica.pdf, page 1>
Package pdftex.def Info: beforetext/Ficha_Catalografica.pdf , page1 used on input line 19.
(pdftex.def)             Requested size: 597.57834pt x 845.23425pt.
File: beforetext/Ficha_Catalografica.pdf Graphic file (type pdf)
<use beforetext/Ficha_Catalografica.pdf, page 1>
Package pdftex.def Info: beforetext/Ficha_Catalografica.pdf , page1 used on input line 19.
(pdftex.def)             Requested size: 597.57834pt x 845.23425pt.
 [2 <c:/Users/Avell/Dev/google/github/lmp/master-thesis-latex/beforetext/Ficha_Catalografica.pdf>]
Underfull \hbox (badness 10000) in paragraph at lines 49--50

 []

("C:\Users\Avell\AppData\Local\Programs\MiKTeX 2.9\tex/latex/microtype\mt-cmr.cfg"
File: mt-cmr.cfg 2013/05/19 v2.2 microtype config. file: Computer Modern Roman (RS)
)
LaTeX Font Info:    Trying to load font information for OMX+helvet on input line 50.
LaTeX Font Info:    No file OMXhelvet.fd. on input line 50.


LaTeX Font Warning: Font shape `OMX/helvet/m/n' undefined
(Font)              using `OMX/cmex/m/n' instead on input line 50.

LaTeX Font Info:    Font shape `T1/phv/m/it' in size <12> not available
(Font)              Font shape `T1/phv/m/sl' tried instead on input line 50.
LaTeX Font Info:    Font shape `T1/phv/m/it' in size <10> not available
(Font)              Font shape `T1/phv/m/sl' tried instead on input line 50.
LaTeX Font Info:    Font shape `T1/phv/m/it' in size <7> not available
(Font)              Font shape `T1/phv/m/sl' tried instead on input line 50.
LaTeX Font Info:    Trying to load font information for U+zeur on input line 50.
("C:\Users\Avell\AppData\Local\Programs\MiKTeX 2.9\tex/latex/eulervm\uzeur.fd"
File: uzeur.fd 2005/01/11 v4.0 (WaS)
) ("C:\Users\Avell\AppData\Local\Programs\MiKTeX 2.9\tex/latex/microtype\mt-eur.cfg"
File: mt-eur.cfg 2006/07/31 v1.1 microtype config. file: AMS Euler Roman (RS)
)
LaTeX Font Info:    Font shape `T1/phv/bx/n' in size <10> not available
(Font)              Font shape `T1/phv/b/n' tried instead on input line 50.
LaTeX Font Info:    Font shape `T1/phv/bx/n' in size <7> not available
(Font)              Font shape `T1/phv/b/n' tried instead on input line 50.
 [3

] [4

]
Underfull \hbox (badness 10000) in paragraph at lines 85--86
[]\T1/phv/m/n/12 (-8) Xxxxxxxxxxxxxxxxxxxxxxxxxxxxxxxxxxxxxxxxxxxxxxxxxxxxxxxxxxxxxxxxxxxxxx.
 []


Underfull \hbox (badness 10000) in paragraph at lines 85--86

 []

[5


] [6

] [7

] [8

] (c:/Users\Avell\Dev\google\github\lmp\master-thesis-latex\main.lof) [9

] (c:/Users\Avell\Dev\google\github\lmp\master-thesis-latex\main.loq) [10

] (c:/Users\Avell\Dev\google\github\lmp\master-thesis-latex\main.lot) [11

]
Using TeX to sort glossary entries---this may take a while
[12



]
Overfull \hbox (5.20578pt too wide) in alignment at lines 182--182
[] [] 
 []

[13



] (c:/Users\Avell\Dev\google\github\lmp\master-thesis-latex\main.toc) [14

])
\openout2 = `chapters/1-chapter.aux'.

 (c:/Users\Avell\Dev\google\github\lmp\master-thesis-latex\chapters/1-chapter.tex
LaTeX Font Info:    Trying to load font information for T1+cmtt on input line 5.
 ("C:\Users\Avell\AppData\Local\Programs\MiKTeX 2.9\tex/latex/base\t1cmtt.fd"
File: t1cmtt.fd 2014/09/29 v2.5h Standard LaTeX font definitions
)
Package microtype Info: Loading generic protrusion settings for font family
(microtype)             `cmtt' (encoding: T1).
(microtype)             For optimal results, create family-specific settings.
(microtype)             See the microtype manual for details.
) [15



]
\openout2 = `chapters/2-chapter.aux'.

 (c:/Users\Avell\Dev\google\github\lmp\master-thesis-latex\chapters/2-chapter.tex
<images/imagem.pdf, id=176, 248.73004pt x 186.69357pt>
File: images/imagem.pdf Graphic file (type pdf)
<use images/imagem.pdf>
Package pdftex.def Info: images/imagem.pdf  used on input line 17.
(pdftex.def)             Requested size: 248.72943pt x 186.69312pt.
 [16



 <c:/Users/Avell/Dev/google/github/lmp/master-thesis-latex/images/imagem.pdf>] [17]
LaTeX Font Info:    Font shape `T1/phv/m/it' in size <5> not available
(Font)              Font shape `T1/phv/m/sl' tried instead on input line 89.
LaTeX Font Info:    Font shape `T1/phv/bx/n' in size <5> not available
(Font)              Font shape `T1/phv/b/n' tried instead on input line 89.

Underfull \hbox (badness 2644) in paragraph at lines 91--91
[]|\T1/phv/b/n/10 Mdia con-cen-tra-
 []


Underfull \hbox (badness 10000) in paragraph at lines 91--91
[]|\T1/phv/b/n/10 Produto In-
 []


Underfull \hbox (badness 2393) in paragraph at lines 91--91
\T1/phv/b/n/10 terno Bruto 
 []


Underfull \hbox (badness 10000) in paragraph at lines 91--91
\T1/phv/b/n/10 PIB (bi-lhes
 []


Overfull \hbox (3.33853pt too wide) in paragraph at lines 89--98
[][] 
 []

) [18]
\openout2 = `chapters/3-chapter.aux'.

 (c:/Users\Avell\Dev\google\github\lmp\master-thesis-latex\chapters/3-chapter.tex) [19



]
\openout2 = `chapters/4-chapter.aux'.

 (c:/Users\Avell\Dev\google\github\lmp\master-thesis-latex\chapters/4-chapter.tex) [20



] (c:/Users\Avell\Dev\google\github\lmp\master-thesis-latex\aftertext/apendice_a.tex [21


]) (c:/Users\Avell\Dev\google\github\lmp\master-thesis-latex\aftertext/anexo_a.tex [22

]) [23

]
\tf@lof=\write6
\openout6 = `main.lof'.

\tf@loq=\write7
\openout7 = `main.loq'.

\tf@lot=\write8
\openout8 = `main.lot'.

\tf@toc=\write9
\openout9 = `main.toc'.

Package atveryend Info: Empty hook `BeforeClearDocument' on input line 278.
Package atveryend Info: Empty hook `AfterLastShipout' on input line 278.
 (c:/Users\Avell\Dev\google\github\lmp\master-thesis-latex\main.aux (c:/Users\Avell\Dev\google\github\lmp\master-thesis-latex\chapters/1-chapter.aux) (c:/Users\Avell\Dev\google\github\lmp\master-thesis-latex\chapters/2-chapter.aux) (c:/Users\Avell\Dev\google\github\lmp\master-thesis-latex\chapters/3-chapter.aux) (c:/Users\Avell\Dev\google\github\lmp\master-thesis-latex\chapters/4-chapter.aux))
Package atveryend Info: Executing hook `AtVeryEndDocument' on input line 278.
Package atveryend Info: Empty hook `AtEndAfterFileList' on input line 278.


LaTeX Font Warning: Some font shapes were not available, defaults substituted.

Package logreq Info: Writing requests to 'main.run.xml'.
\openout1 = `main.run.xml'.

Package atveryend Info: Empty hook `AtVeryVeryEnd' on input line 278.
 ) 
Here is how much of TeX's memory you used:
 40120 strings out of 492483
 727502 string characters out of 3121589
 1366793 words of memory out of 3000000
 43711 multiletter control sequences out of 15000+200000
 573412 words of font info for 128 fonts, out of 3000000 for 9000
 1141 hyphenation exceptions out of 8191
 78i,18n,117p,1206b,4152s stack positions out of 5000i,500n,10000p,200000b,50000s
 <C:\Users\Avell\AppData\Local\MiKTeX\2.9\fonts/pk/ljfour/jknappen/ec/dpi600\ectt1200.pk>{C:/Users/Avell/AppData/Local/Programs/MiKTeX 2.9/fonts/enc/dvips/base/8r.enc}<C:/Users/Avell/AppData/Local/Programs/MiKTeX 2.9/fonts/type1/public/amsfonts/euler/eurm10.pfb><C:/Users/Avell/AppData/Local/Programs/MiKTeX 2.9/fonts/type1/urw/helvetic/uhvb8a.pfb><C:/Users/Avell/AppData/Local/Programs/MiKTeX 2.9/fonts/type1/urw/helvetic/uhvr8a.pfb><C:/Users/Avell/AppData/Local/Programs/MiKTeX 2.9/fonts/type1/urw/helvetic/uhvro8a.pfb>
Output written on c:/Users\Avell\Dev\google\github\lmp\master-thesis-latex\main.pdf (24 pages, 285436 bytes).
PDF statistics:
 429 PDF objects out of 1000 (max. 8388607)
 93 named destinations out of 1000 (max. 500000)
 25343 words of extra memory for PDF output out of 29859 (max. 10000000)

